#
# There is insufficient memory for the Java Runtime Environment to continue.
# Native memory allocation (malloc) failed to allocate 1048576 bytes for AllocateHeap
# Possible reasons:
#   The system is out of physical RAM or swap space
#   The process is running with CompressedOops enabled, and the Java Heap may be blocking the growth of the native heap
# Possible solutions:
#   Reduce memory load on the system
#   Increase physical memory or swap space
#   Check if swap backing store is full
#   Decrease Java heap size (-Xmx/-Xms)
#   Decrease number of Java threads
#   Decrease Java thread stack sizes (-Xss)
#   Set larger code cache with -XX:ReservedCodeCacheSize=
#   JVM is running with Zero Based Compressed Oops mode in which the Java heap is
#     placed in the first 32GB address space. The Java Heap base address is the
#     maximum limit for the native heap growth. Please use -XX:HeapBaseMinAddress
#     to set the Java Heap base and to place the Java Heap above 32GB virtual address.
# This output file may be truncated or incomplete.
#
#  Out of Memory Error (memory/allocation.inline.hpp:61), pid=78628, tid=0x000000000000826c
#
# JRE version:  (8.0_341-b10) (build )
# Java VM: Java HotSpot(TM) 64-Bit Server VM (25.341-b10 mixed mode windows-amd64 compressed oops)
# Failed to write core dump. Minidumps are not enabled by default on client versions of Windows
#

---------------  T H R E A D  ---------------

Current thread (0x00000252c38b6000):  JavaThread "Unknown thread" [_thread_in_vm, id=33388, stack(0x00000060b0300000,0x00000060b0400000)]

Stack: [0x00000060b0300000,0x00000060b0400000]
Native frames: (J=compiled Java code, j=interpreted, Vv=VM code, C=native code)
V  [jvm.dll+0x32fa99]
V  [jvm.dll+0x275ff2]
V  [jvm.dll+0x276c9d]
V  [jvm.dll+0x26d645]
V  [jvm.dll+0x509d]
V  [jvm.dll+0x3cae1c]
V  [jvm.dll+0x3c7187]
V  [jvm.dll+0xfd12f]
V  [jvm.dll+0x20a71b]
V  [jvm.dll+0x239267]
V  [jvm.dll+0x162c56]
C  [java.exe+0x2312]
C  [java.exe+0x15f54]
C  [KERNEL32.DLL+0x17034]
C  [ntdll.dll+0x526a1]


---------------  P R O C E S S  ---------------

Java Threads: ( => current thread )

Other Threads:

=>0x00000252c38b6000 (exited) JavaThread "Unknown thread" [_thread_in_vm, id=33388, stack(0x00000060b0300000,0x00000060b0400000)]

VM state:not at safepoint (normal execution)

VM Mutex/Monitor currently owned by a thread: None

heap address: 0x00000006c2400000, size: 4060 MB, Compressed Oops mode: Zero based, Oop shift amount: 3
Narrow klass base: 0x0000000000000000, Narrow klass shift: 3
Compressed class space size: 1073741824 Address: 0x00000007c0000000

Heap:
 PSYoungGen      total 75776K, used 1300K [0x000000076b700000, 0x0000000770b80000, 0x00000007c0000000)
  eden space 65024K, 2% used [0x000000076b700000,0x000000076b8451f8,0x000000076f680000)
  from space 10752K, 0% used [0x0000000770100000,0x0000000770100000,0x0000000770b80000)
  to   space 10752K, 0% used [0x000000076f680000,0x000000076f680000,0x0000000770100000)
 ParOldGen       total 173568K, used 0K [0x00000006c2400000, 0x00000006ccd80000, 0x000000076b700000)
  object space 173568K, 0% used [0x00000006c2400000,0x00000006c2400000,0x00000006ccd80000)
 Metaspace       used 778K, capacity 4480K, committed 4480K, reserved 1056768K
  class space    used 76K, capacity 384K, committed 384K, reserved 1048576K

Card table byte_map: [0x00000252d45b0000,0x00000252d4da0000] byte_map_base: 0x00000252d0f9e000

Marking Bits: (ParMarkBitMap*) 0x00000000596e9030
 Begin Bits: [0x00000252d52f0000, 0x00000252d9260000)
 End Bits:   [0x00000252d9260000, 0x00000252dd1d0000)

Polling page: 0x00000252c3a10000

CodeCache: size=245760Kb used=329Kb max_used=329Kb free=245430Kb
 bounds [0x00000252c51f0000, 0x00000252c5460000, 0x00000252d41f0000]
 total_blobs=58 nmethods=0 adapters=38
 compilation: enabled

Compilation events (0 events):
No events

GC Heap History (0 events):
No events

Deoptimization events (0 events):
No events

Classes redefined (0 events):
No events

Internal exceptions (0 events):
No events

Events (10 events):
Event: 0.026 loading class java/lang/Short
Event: 0.026 loading class java/lang/Short done
Event: 0.026 loading class java/lang/Integer
Event: 0.027 loading class java/lang/Integer done
Event: 0.027 loading class java/lang/Long
Event: 0.027 loading class java/lang/Long done
Event: 0.027 loading class java/lang/NullPointerException
Event: 0.027 loading class java/lang/NullPointerException done
Event: 0.027 loading class java/lang/ArithmeticException
Event: 0.027 loading class java/lang/ArithmeticException done


Dynamic libraries:
0x00007ff60ad90000 - 0x00007ff60add7000 	D:\jdk8\bin\java.exe
0x00007ffef2470000 - 0x00007ffef2668000 	C:\WINDOWS\SYSTEM32\ntdll.dll
0x00007ffef2070000 - 0x00007ffef212d000 	C:\WINDOWS\System32\KERNEL32.DLL
0x00007ffeeffe0000 - 0x00007ffef02ae000 	C:\WINDOWS\System32\KERNELBASE.dll
0x00007ffef2360000 - 0x00007ffef240e000 	C:\WINDOWS\System32\ADVAPI32.dll
0x00007ffef06e0000 - 0x00007ffef077e000 	C:\WINDOWS\System32\msvcrt.dll
0x00007ffef1880000 - 0x00007ffef191c000 	C:\WINDOWS\System32\sechost.dll
0x00007ffef1340000 - 0x00007ffef1465000 	C:\WINDOWS\System32\RPCRT4.dll
0x00007ffef11a0000 - 0x00007ffef1340000 	C:\WINDOWS\System32\USER32.dll
0x00007ffef03c0000 - 0x00007ffef03e2000 	C:\WINDOWS\System32\win32u.dll
0x00007ffef1470000 - 0x00007ffef149a000 	C:\WINDOWS\System32\GDI32.dll
0x00007ffeefc90000 - 0x00007ffeefd9b000 	C:\WINDOWS\System32\gdi32full.dll
0x00007ffef02b0000 - 0x00007ffef034d000 	C:\WINDOWS\System32\msvcp_win.dll
0x00007ffeefb90000 - 0x00007ffeefc90000 	C:\WINDOWS\System32\ucrtbase.dll
0x00007ffed6d90000 - 0x00007ffed702a000 	C:\WINDOWS\WinSxS\amd64_microsoft.windows.common-controls_6595b64144ccf1df_6.0.19041.1110_none_60b5254171f9507e\COMCTL32.dll
0x00007ffef22c0000 - 0x00007ffef22f0000 	C:\WINDOWS\System32\IMM32.DLL
0x00007ffeda4c0000 - 0x00007ffeda4d5000 	D:\jdk8\jre\bin\vcruntime140.dll
0x00007ffe90940000 - 0x00007ffe909db000 	D:\jdk8\jre\bin\msvcp140.dll
0x0000000058f00000 - 0x0000000059761000 	D:\jdk8\jre\bin\server\jvm.dll
0x00007ffef2130000 - 0x00007ffef2138000 	C:\WINDOWS\System32\PSAPI.DLL
0x00007ffee8c40000 - 0x00007ffee8c4a000 	C:\WINDOWS\SYSTEM32\VERSION.dll
0x00007ffecf550000 - 0x00007ffecf559000 	C:\WINDOWS\SYSTEM32\WSOCK32.dll
0x00007ffed7650000 - 0x00007ffed7677000 	C:\WINDOWS\SYSTEM32\WINMM.dll
0x00007ffef22f0000 - 0x00007ffef235b000 	C:\WINDOWS\System32\WS2_32.dll
0x00007ffeee3d0000 - 0x00007ffeee3e2000 	C:\WINDOWS\SYSTEM32\kernel.appcore.dll
0x00007ffee9a00000 - 0x00007ffee9a10000 	D:\jdk8\jre\bin\verify.dll
0x00007ffed64b0000 - 0x00007ffed64db000 	D:\jdk8\jre\bin\java.dll
0x00007ffeb6880000 - 0x00007ffeb68b0000 	D:\jdk8\jre\bin\instrument.dll
0x00007ffed88e0000 - 0x00007ffed88f8000 	D:\jdk8\jre\bin\zip.dll
0x00007ffeed850000 - 0x00007ffeeda34000 	C:\WINDOWS\SYSTEM32\dbghelp.dll
0x00007ffef03f0000 - 0x00007ffef0472000 	C:\WINDOWS\System32\bcryptPrimitives.dll

VM Arguments:
jvm_args: -XX:TieredStopAtLevel=1 -Xverify:none -Dspring.output.ansi.enabled=always -Dcom.sun.management.jmxremote -Dspring.jmx.enabled=true -Dspring.liveBeansView.mbeanDomain -Dspring.application.admin.enabled=true -javaagent:D:\my\IntelliJ IDEA 2021.3.2\lib\idea_rt.jar=58163:D:\my\IntelliJ IDEA 2021.3.2\bin -Dfile.encoding=UTF-8 
java_command: com.example.homeworkshop5.HomeWorkShop5Application
java_class_path (initial): D:\jdk8\jre\lib\charsets.jar;D:\jdk8\jre\lib\deploy.jar;D:\jdk8\jre\lib\ext\access-bridge-64.jar;D:\jdk8\jre\lib\ext\cldrdata.jar;D:\jdk8\jre\lib\ext\dnsns.jar;D:\jdk8\jre\lib\ext\jaccess.jar;D:\jdk8\jre\lib\ext\jfxrt.jar;D:\jdk8\jre\lib\ext\localedata.jar;D:\jdk8\jre\lib\ext\nashorn.jar;D:\jdk8\jre\lib\ext\sunec.jar;D:\jdk8\jre\lib\ext\sunjce_provider.jar;D:\jdk8\jre\lib\ext\sunmscapi.jar;D:\jdk8\jre\lib\ext\sunpkcs11.jar;D:\jdk8\jre\lib\ext\zipfs.jar;D:\jdk8\jre\lib\javaws.jar;D:\jdk8\jre\lib\jce.jar;D:\jdk8\jre\lib\jfr.jar;D:\jdk8\jre\lib\jfxswt.jar;D:\jdk8\jre\lib\jsse.jar;D:\jdk8\jre\lib\management-agent.jar;D:\jdk8\jre\lib\plugin.jar;D:\jdk8\jre\lib\resources.jar;D:\jdk8\jre\lib\rt.jar;D:\HomeWorkShop5\target\classes;C:\Users\User\.m2\repository\org\springframework\boot\spring-boot-starter-web\2.7.4\spring-boot-starter-web-2.7.4.jar;C:\Users\User\.m2\repository\org\springframework\boot\spring-boot-starter\2.7.4\spring-boot-starter-2.7.4.jar;C:\Users\User\.m2\repository\org\springframework\boot\spring-boot-starter-logging\2.7.4\spring-boot-starter-logging-2.7.4.jar;C:\Users\User\.m2\repository\ch\qos\logback\logback-classic\1.2.11\logback-classic-1.2.11.jar;C:\Users\User\.m2\repository\ch\qos\logback\logback-core\1.2.11\logback-core-1.2.11.jar;C:\Users\User\.m2\repository\org\apache\logging\log4j\log4j-to-slf4j\2.17.2\log4j-to-slf4j-2.17.2.jar;C:\Users\User\.m2\repository\org\apache\logging\log4j\log4j-api\2.17.2\log4j-api-2.17.2.jar;C:\Users\User\.m2\repository\org\slf4j\jul-to-slf4j\1.7.36\jul-to-slf4j-1.7.36.jar;C:\Users\User\.m2\repository\jakarta\annotation\jakarta.annotation-api\1.3.5\jakarta.annotation-api-1.3.5.jar;C:\Users\User\.m2\repository\org\yaml\snakeyaml\1.30\snakeyaml-1.30.jar;C:\Users\User\.m2\repository\org\springframework\boot\spring-boot-starter-json\2.7.4\spring-boot-starter-json-2.7.4.jar;C:\Users\User\.m2\repository\com\fasterxml\jackson\core\jackson-databind\2.13.4\jackson-databind-2.13.4.jar;C:\Users\User\.
Launcher Type: SUN_STANDARD

Environment Variables:
JAVA_HOME=C:\Program Files\Java\jdk-18
PATH=C:\Program Files\Common Files\Oracle\Java\javapath;C:\Program Files (x86)\Common Files\Oracle\Java\javapath;C:\Windows\system32;C:\Windows;C:\Windows\System32\Wbem;C:\Windows\System32\WindowsPowerShell\v1.0\;C:\Windows\System32\OpenSSH\;C:\Program Files (x86)\NVIDIA Corporation\PhysX\Common;C:\Program Files\NVIDIA Corporation\NVIDIA NvDLISR;C:\WINDOWS\system32;C:\WINDOWS;C:\WINDOWS\System32\Wbem;C:\WINDOWS\System32\WindowsPowerShell\v1.0\;C:\WINDOWS\System32\OpenSSH\;C:\Program Files\Git\cmd;C\cygwin64\bin;C:\cygwin\bin;C:\cygwin64\bin;C:\Program Files\Redis\;C:\Program Files\Java\jre1.8.0_241\bin;;C:\Program Files\Docker\Docker\resources\bin;C:\ProgramData\DockerDesktop\version-bin;C:\Users\User\AppData\Local\Microsoft\WindowsApps;C:\Gadle\gradle-7.4.2\bin;;C:\Users\User\AppData\Local\Programs\Microsoft VS Code\bin;C:\Program Files\JetBrains\JetBrains Gateway 222.3048.1\bin;
USERNAME=User
OS=Windows_NT
PROCESSOR_IDENTIFIER=Intel64 Family 6 Model 142 Stepping 11, GenuineIntel



---------------  S Y S T E M  ---------------

OS: Windows 10 , 64 bit Build 19041 (10.0.19041.1889)

CPU:total 8 (initial active 8) (4 cores per cpu, 2 threads per core) family 6 model 142 stepping 11, cmov, cx8, fxsr, mmx, sse, sse2, sse3, ssse3, sse4.1, sse4.2, popcnt, avx, avx2, aes, clmul, erms, 3dnowpref, lzcnt, ht, tsc, tscinvbit, bmi1, bmi2, adx

Memory: 4k page, physical 16625104k(880392k free), swap 23919064k(5124k free)

vm_info: Java HotSpot(TM) 64-Bit Server VM (25.341-b10) for windows-amd64 JRE (1.8.0_341-b10), built on Jun 16 2022 15:51:07 by "java_re" with MS VC++ 15.9 (VS2017)

time: Thu Oct  6 21:14:05 2022
timezone: Intel64 Family 6 Model 142 Stepping 11, GenuineIntel
elapsed time: 0.065489 seconds (0d 0h 0m 0s)

